#
# There is insufficient memory for the Java Runtime Environment to continue.
# Native memory allocation (mmap) failed to map 266338304 bytes for G1 virtual space
# Possible reasons:
#   The system is out of physical RAM or swap space
#   The process is running with CompressedOops enabled, and the Java Heap may be blocking the growth of the native heap
# Possible solutions:
#   Reduce memory load on the system
#   Increase physical memory or swap space
#   Check if swap backing store is full
#   Decrease Java heap size (-Xmx/-Xms)
#   Decrease number of Java threads
#   Decrease Java thread stack sizes (-Xss)
#   Set larger code cache with -XX:ReservedCodeCacheSize=
#   JVM is running with Zero Based Compressed Oops mode in which the Java heap is
#     placed in the first 32GB address space. The Java Heap base address is the
#     maximum limit for the native heap growth. Please use -XX:HeapBaseMinAddress
#     to set the Java Heap base and to place the Java Heap above 32GB virtual address.
# This output file may be truncated or incomplete.
#
#  Out of Memory Error (os_windows.cpp:3557), pid=9192, tid=7568
#
# JRE version:  (17.0.6+10) (build )
# Java VM: OpenJDK 64-Bit Server VM (17.0.6+10-LTS, mixed mode, sharing, tiered, compressed oops, compressed class ptrs, g1 gc, windows-amd64)
# No core dump will be written. Minidumps are not enabled by default on client versions of Windows
#

---------------  S U M M A R Y ------------

Command Line: -javaagent:C:\Program Files\JetBrains\IntelliJ IDEA Community Edition 2023.1\lib\idea_rt.jar=60869:C:\Program Files\JetBrains\IntelliJ IDEA Community Edition 2023.1\bin -Dfile.encoding=UTF-8 com.luvina.la.MainApplication

Host: Intel(R) Core(TM) i3-9100 CPU @ 3.60GHz, 4 cores, 15G,  Windows 11 , 64 bit Build 26100 (10.0.26100.3912)
Time: Fri May  2 13:55:48 2025 SE Asia Standard Time elapsed time: 0.138680 seconds (0d 0h 0m 0s)

---------------  T H R E A D  ---------------

Current thread (0x000001e08c66ebe0):  JavaThread "Unknown thread" [_thread_in_vm, id=7568, stack(0x000000131b100000,0x000000131b200000)]

Stack: [0x000000131b100000,0x000000131b200000]
Native frames: (J=compiled Java code, j=interpreted, Vv=VM code, C=native code)
V  [jvm.dll+0x64b39a]
V  [jvm.dll+0x7ff044]
V  [jvm.dll+0x8007fe]
V  [jvm.dll+0x800e53]
V  [jvm.dll+0x235848]
V  [jvm.dll+0x6482fa]
V  [jvm.dll+0x63ca0a]
V  [jvm.dll+0x2f3d59]
V  [jvm.dll+0x2faee6]
V  [jvm.dll+0x34755a]
V  [jvm.dll+0x34779f]
V  [jvm.dll+0x2ca128]
V  [jvm.dll+0x2cb0b9]
V  [jvm.dll+0x7d2751]
V  [jvm.dll+0x354a21]
V  [jvm.dll+0x7b2c9e]
V  [jvm.dll+0x3d16c3]
V  [jvm.dll+0x3d30c1]
C  [jli.dll+0x519f]
C  [ucrtbase.dll+0x37b0]
C  [KERNEL32.DLL+0x2e8d7]
C  [ntdll.dll+0x9c5dc]


---------------  P R O C E S S  ---------------

Threads class SMR info:
_java_thread_list=0x00007ffb86e4b858, length=0, elements={
}

Java Threads: ( => current thread )

Other Threads:
  0x000001e08c6ddcf0 GCTaskThread "GC Thread#0" [stack: 0x000000131b200000,0x000000131b300000] [id=16804]
  0x000001e08c6ee9b0 ConcurrentGCThread "G1 Main Marker" [stack: 0x000000131b300000,0x000000131b400000] [id=14316]
  0x000001e08c6f0090 ConcurrentGCThread "G1 Conc#0" [stack: 0x000000131b400000,0x000000131b500000] [id=280]

[error occurred during error reporting (printing all threads), id 0xc0000005, EXCEPTION_ACCESS_VIOLATION (0xc0000005) at pc=0x00007ffb8663b387]

VM state: not at safepoint (not fully initialized)

VM Mutex/Monitor currently owned by a thread:  ([mutex/lock_event])
[0x000001e08c65dc00] Heap_lock - owner thread: 0x000001e08c66ebe0

Heap address: 0x0000000702800000, size: 4056 MB, Compressed Oops mode: Zero based, Oop shift amount: 3

CDS archive(s) mapped at: [0x0000000000000000-0x0000000000000000-0x0000000000000000), size 0, SharedBaseAddress: 0x0000000800000000, ArchiveRelocationMode: 0.
Narrow klass base: 0x0000000000000000, Narrow klass shift: 0, Narrow klass range: 0x0

GC Precious Log:
<Empty>

Heap:
 garbage-first heap   total 0K, used 0K [0x0000000702800000, 0x0000000800000000)
  region size 2048K, 0 young (0K), 0 survivors (0K)

[error occurred during error reporting (printing heap information), id 0xc0000005, EXCEPTION_ACCESS_VIOLATION (0xc0000005) at pc=0x00007ffb86a02dd9]

GC Heap History (0 events):
No events

Dll operation events (1 events):
Event: 0.015 Loaded shared library C:\Program Files\Amazon Corretto\jdk17.0.6_10\bin\java.dll

Deoptimization events (0 events):
No events

Classes unloaded (0 events):
No events

Classes redefined (0 events):
No events

Internal exceptions (0 events):
No events

VM Operations (0 events):
No events

Events (0 events):
No events


Dynamic libraries:
0x00007ff77a900000 - 0x00007ff77a90d000 	C:\Program Files\Amazon Corretto\jdk17.0.6_10\bin\java.exe
0x00007ffbe2a80000 - 0x00007ffbe2ce6000 	C:\WINDOWS\SYSTEM32\ntdll.dll
0x00007ffbe1760000 - 0x00007ffbe1829000 	C:\WINDOWS\System32\KERNEL32.DLL
0x00007ffbdfd90000 - 0x00007ffbe015c000 	C:\WINDOWS\System32\KERNELBASE.dll
0x00007ffbe0640000 - 0x00007ffbe078b000 	C:\WINDOWS\System32\ucrtbase.dll
0x00007ffbc8c10000 - 0x00007ffbc8c25000 	C:\Program Files\Amazon Corretto\jdk17.0.6_10\bin\VCRUNTIME140.dll
0x00007ffbc8d40000 - 0x00007ffbc8d57000 	C:\Program Files\Amazon Corretto\jdk17.0.6_10\bin\jli.dll
0x00007ffbe1150000 - 0x00007ffbe131a000 	C:\WINDOWS\System32\USER32.dll
0x00007ffbdfc10000 - 0x00007ffbdfc37000 	C:\WINDOWS\System32\win32u.dll
0x00007ffbe23a0000 - 0x00007ffbe23cb000 	C:\WINDOWS\System32\GDI32.dll
0x00007ffbe0160000 - 0x00007ffbe0292000 	C:\WINDOWS\System32\gdi32full.dll
0x00007ffbca240000 - 0x00007ffbca4da000 	C:\WINDOWS\WinSxS\amd64_microsoft.windows.common-controls_6595b64144ccf1df_6.0.26100.3912_none_3e07963ce335137e\COMCTL32.dll
0x00007ffbe0790000 - 0x00007ffbe0833000 	C:\WINDOWS\System32\msvcp_win.dll
0x00007ffbe10a0000 - 0x00007ffbe1149000 	C:\WINDOWS\System32\msvcrt.dll
0x00007ffbe1060000 - 0x00007ffbe1090000 	C:\WINDOWS\System32\IMM32.DLL
0x00007ffbb99e0000 - 0x00007ffbb9a7b000 	C:\Program Files\Amazon Corretto\jdk17.0.6_10\bin\msvcp140.dll
0x00007ffb86360000 - 0x00007ffb86f78000 	C:\Program Files\Amazon Corretto\jdk17.0.6_10\bin\server\jvm.dll
0x00007ffbe2980000 - 0x00007ffbe2a32000 	C:\WINDOWS\System32\ADVAPI32.dll
0x00007ffbe2270000 - 0x00007ffbe2316000 	C:\WINDOWS\System32\sechost.dll
0x00007ffbe1830000 - 0x00007ffbe1946000 	C:\WINDOWS\System32\RPCRT4.dll
0x00007ffbcf970000 - 0x00007ffbcf97a000 	C:\WINDOWS\SYSTEM32\WSOCK32.dll
0x00007ffbe2440000 - 0x00007ffbe24b4000 	C:\WINDOWS\System32\WS2_32.dll
0x00007ffbc4a70000 - 0x00007ffbc4aa6000 	C:\WINDOWS\SYSTEM32\WINMM.dll
0x00007ffbda1e0000 - 0x00007ffbda1eb000 	C:\WINDOWS\SYSTEM32\VERSION.dll
0x00007ffbde990000 - 0x00007ffbde9aa000 	C:\WINDOWS\SYSTEM32\kernel.appcore.dll
0x00007ffbcba70000 - 0x00007ffbcba7a000 	C:\Program Files\Amazon Corretto\jdk17.0.6_10\bin\jimage.dll
0x00007ffbc3110000 - 0x00007ffbc3351000 	C:\WINDOWS\SYSTEM32\DBGHELP.DLL
0x00007ffbe0940000 - 0x00007ffbe0cc4000 	C:\WINDOWS\System32\combase.dll
0x00007ffbe1950000 - 0x00007ffbe1a30000 	C:\WINDOWS\System32\OLEAUT32.dll
0x00007ffbc30d0000 - 0x00007ffbc3109000 	C:\WINDOWS\SYSTEM32\dbgcore.DLL
0x00007ffbe05a0000 - 0x00007ffbe0639000 	C:\WINDOWS\System32\bcryptPrimitives.dll
0x00007ffbcec10000 - 0x00007ffbcec1e000 	C:\Program Files\Amazon Corretto\jdk17.0.6_10\bin\instrument.dll
0x00007ffbc84f0000 - 0x00007ffbc8515000 	C:\Program Files\Amazon Corretto\jdk17.0.6_10\bin\java.dll

dbghelp: loaded successfully - version: 4.0.5 - missing functions: none
symbol engine: initialized successfully - sym options: 0x614 - pdb path: .;C:\Program Files\Amazon Corretto\jdk17.0.6_10\bin;C:\WINDOWS\SYSTEM32;C:\WINDOWS\WinSxS\amd64_microsoft.windows.common-controls_6595b64144ccf1df_6.0.26100.3912_none_3e07963ce335137e;C:\Program Files\Amazon Corretto\jdk17.0.6_10\bin\server

VM Arguments:
jvm_args: -javaagent:C:\Program Files\JetBrains\IntelliJ IDEA Community Edition 2023.1\lib\idea_rt.jar=60869:C:\Program Files\JetBrains\IntelliJ IDEA Community Edition 2023.1\bin -Dfile.encoding=UTF-8 
java_command: com.luvina.la.MainApplication
java_class_path (initial): C:\LARG03\03.Output\09.Project\03.BaiTapCuoiKhoa\SRC\04.Back-end\target\classes;C:\Users\LA\.m2\repository\org\springframework\boot\spring-boot-starter-data-jpa\2.7.8\spring-boot-starter-data-jpa-2.7.8.jar;C:\Users\LA\.m2\repository\org\springframework\boot\spring-boot-starter-aop\2.7.8\spring-boot-starter-aop-2.7.8.jar;C:\Users\LA\.m2\repository\org\aspectj\aspectjweaver\1.9.7\aspectjweaver-1.9.7.jar;C:\Users\LA\.m2\repository\org\springframework\boot\spring-boot-starter-jdbc\2.7.8\spring-boot-starter-jdbc-2.7.8.jar;C:\Users\LA\.m2\repository\org\springframework\spring-jdbc\5.3.25\spring-jdbc-5.3.25.jar;C:\Users\LA\.m2\repository\jakarta\transaction\jakarta.transaction-api\1.3.3\jakarta.transaction-api-1.3.3.jar;C:\Users\LA\.m2\repository\jakarta\persistence\jakarta.persistence-api\2.2.3\jakarta.persistence-api-2.2.3.jar;C:\Users\LA\.m2\repository\org\hibernate\hibernate-core\5.6.14.Final\hibernate-core-5.6.14.Final.jar;C:\Users\LA\.m2\repository\org\jboss\logging\jboss-logging\3.4.3.Final\jboss-logging-3.4.3.Final.jar;C:\Users\LA\.m2\repository\net\bytebuddy\byte-buddy\1.12.22\byte-buddy-1.12.22.jar;C:\Users\LA\.m2\repository\antlr\antlr\2.7.7\antlr-2.7.7.jar;C:\Users\LA\.m2\repository\org\jboss\jandex\2.4.2.Final\jandex-2.4.2.Final.jar;C:\Users\LA\.m2\repository\com\fasterxml\classmate\1.5.1\classmate-1.5.1.jar;C:\Users\LA\.m2\repository\org\hibernate\common\hibernate-commons-annotations\5.1.2.Final\hibernate-commons-annotations-5.1.2.Final.jar;C:\Users\LA\.m2\repository\org\glassfish\jaxb\jaxb-runtime\2.3.7\jaxb-runtime-2.3.7.jar;C:\Users\LA\.m2\repository\jakarta\xml\bind\jakarta.xml.bind-api\2.3.3\jakarta.xml.bind-api-2.3.3.jar;C:\Users\LA\.m2\repository\org\glassfish\jaxb\txw2\2.3.7\txw2-2.3.7.jar;C:\Users\LA\.m2\repository\com\sun\istack\istack-commons-runtime\3.0.12\istack-commons-runtime-3.0.12.jar;C:\Users\LA\.m2\repository\com\sun\activation\jakarta.activation\1.2.2\jakarta.activation-1.2.2.jar;C:\Users\LA\.m2\repository\org\
Launcher Type: SUN_STANDARD

[Global flags]
     intx CICompilerCount                          = 3                                         {product} {ergonomic}
     uint ConcGCThreads                            = 1                                         {product} {ergonomic}
     uint G1ConcRefinementThreads                  = 4                                         {product} {ergonomic}
   size_t G1HeapRegionSize                         = 2097152                                   {product} {ergonomic}
    uintx GCDrainStackTargetSize                   = 64                                        {product} {ergonomic}
   size_t InitialHeapSize                          = 266338304                                 {product} {ergonomic}
   size_t MarkStackSize                            = 4194304                                   {product} {ergonomic}
   size_t MaxHeapSize                              = 4253024256                                {product} {ergonomic}
   size_t MinHeapDeltaBytes                        = 2097152                                   {product} {ergonomic}
   size_t MinHeapSize                              = 8388608                                   {product} {ergonomic}
    uintx NonNMethodCodeHeapSize                   = 5832780                                {pd product} {ergonomic}
    uintx NonProfiledCodeHeapSize                  = 122912730                              {pd product} {ergonomic}
    uintx ProfiledCodeHeapSize                     = 122912730                              {pd product} {ergonomic}
    uintx ReservedCodeCacheSize                    = 251658240                              {pd product} {ergonomic}
     bool SegmentedCodeCache                       = true                                      {product} {ergonomic}
   size_t SoftMaxHeapSize                          = 4253024256                             {manageable} {ergonomic}
     bool UseCompressedClassPointers               = true                           {product lp64_product} {ergonomic}
     bool UseCompressedOops                        = true                           {product lp64_product} {ergonomic}
     bool UseG1GC                                  = true                                      {product} {ergonomic}
     bool UseLargePagesIndividualAllocation        = false                                  {pd product} {ergonomic}

Logging:
Log output configuration:
 #0: stdout all=warning uptime,level,tags
 #1: stderr all=off uptime,level,tags

Environment Variables:
JAVA_HOME=C:\Program Files\Amazon Corretto\jdk17.0.6_10
PATH=C:\Program Files\Amazon Corretto\jdk17.0.6_10\bin;C:\WINDOWS\system32;C:\WINDOWS;C:\WINDOWS\System32\Wbem;C:\WINDOWS\System32\WindowsPowerShell\v1.0\;C:\WINDOWS\System32\OpenSSH\;C:\Program Files\nodejs\;C:\Program Files (x86)\Yarn\bin\;C:\Program Files\Microsoft VS Code\bin;C:\Program Files\Git\cmd;C:\Program Files\TortoiseGit\bin;C:\Program Files\TortoiseSVN\bin;C:\Program Files\Docker\Docker\resources\bin;C:\Tools\apache-maven-3.6.3\bin;C:\Users\LA\AppData\Local\Microsoft\WindowsApps;C:\Users\LA\AppData\Roaming\npm;C:\Users\LA\AppData\Local\Programs\Microsoft VS Code\bin
USERNAME=LA
OS=Windows_NT
PROCESSOR_IDENTIFIER=Intel64 Family 6 Model 158 Stepping 11, GenuineIntel
TMP=C:\Users\LA\AppData\Local\Temp
TEMP=C:\Users\LA\AppData\Local\Temp



---------------  S Y S T E M  ---------------

OS:
 Windows 11 , 64 bit Build 26100 (10.0.26100.3912)
OS uptime: 3 days 20:34 hours
Hyper-V role detected

CPU: total 4 (initial active 4) (4 cores per cpu, 1 threads per core) family 6 model 158 stepping 11 microcode 0xf0, cx8, cmov, fxsr, mmx, 3dnowpref, sse, sse2, sse3, ssse3, sse4.1, sse4.2, popcnt, lzcnt, tsc, tscinvbit, avx, avx2, aes, erms, clmul, bmi1, bmi2, adx, fma, vzeroupper, clflush, clflushopt, hv

Memory: 4k page, system-wide physical 16220M (2138M free)
TotalPageFile size 46647M (AvailPageFile size 95M)
current process WorkingSet (physical memory assigned to process): 12M, peak: 12M
current process commit charge ("private bytes"): 52M, peak: 306M

vm_info: OpenJDK 64-Bit Server VM (17.0.6+10-LTS) for windows-amd64 JRE (17.0.6+10-LTS), built on Jan 13 2023 22:57:04 by "Administrator" with MS VC++ 15.9 (VS2017)

END.
